Determining if the Q_WS_WIN exist failed with the following output:
Change Dir: /home/ben/projects/schedule/build/CMakeFiles/CMakeTmp

Run Build Command:/usr/bin/make "cmTryCompileExec678520006/fast"
/usr/bin/make -f CMakeFiles/cmTryCompileExec678520006.dir/build.make CMakeFiles/cmTryCompileExec678520006.dir/build
make[1]: Entering directory `/home/ben/projects/schedule/build/CMakeFiles/CMakeTmp'
/usr/bin/cmake -E cmake_progress_report /home/ben/projects/schedule/build/CMakeFiles/CMakeTmp/CMakeFiles 1
Building CXX object CMakeFiles/cmTryCompileExec678520006.dir/CheckSymbolExists.cxx.o
/usr/bin/c++    -I/usr/include/qt4    -o CMakeFiles/cmTryCompileExec678520006.dir/CheckSymbolExists.cxx.o -c /home/ben/projects/schedule/build/CMakeFiles/CMakeTmp/CheckSymbolExists.cxx
/home/ben/projects/schedule/build/CMakeFiles/CMakeTmp/CheckSymbolExists.cxx: In function ‘int main(int, char**)’:
/home/ben/projects/schedule/build/CMakeFiles/CMakeTmp/CheckSymbolExists.cxx:8:19: error: ‘Q_WS_WIN’ was not declared in this scope
   return ((int*)(&Q_WS_WIN))[argc];
                   ^
make[1]: *** [CMakeFiles/cmTryCompileExec678520006.dir/CheckSymbolExists.cxx.o] Error 1
make[1]: Leaving directory `/home/ben/projects/schedule/build/CMakeFiles/CMakeTmp'
make: *** [cmTryCompileExec678520006/fast] Error 2

File /home/ben/projects/schedule/build/CMakeFiles/CMakeTmp/CheckSymbolExists.cxx:
/* */
#include <QtCore/qglobal.h>

int main(int argc, char** argv)
{
  (void)argv;
#ifndef Q_WS_WIN
  return ((int*)(&Q_WS_WIN))[argc];
#else
  (void)argc;
  return 0;
#endif
}

Determining if the Q_WS_QWS exist failed with the following output:
Change Dir: /home/ben/projects/schedule/build/CMakeFiles/CMakeTmp

Run Build Command:/usr/bin/make "cmTryCompileExec4161850830/fast"
/usr/bin/make -f CMakeFiles/cmTryCompileExec4161850830.dir/build.make CMakeFiles/cmTryCompileExec4161850830.dir/build
make[1]: Entering directory `/home/ben/projects/schedule/build/CMakeFiles/CMakeTmp'
/usr/bin/cmake -E cmake_progress_report /home/ben/projects/schedule/build/CMakeFiles/CMakeTmp/CMakeFiles 1
Building CXX object CMakeFiles/cmTryCompileExec4161850830.dir/CheckSymbolExists.cxx.o
/usr/bin/c++    -I/usr/include/qt4    -o CMakeFiles/cmTryCompileExec4161850830.dir/CheckSymbolExists.cxx.o -c /home/ben/projects/schedule/build/CMakeFiles/CMakeTmp/CheckSymbolExists.cxx
/home/ben/projects/schedule/build/CMakeFiles/CMakeTmp/CheckSymbolExists.cxx: In function ‘int main(int, char**)’:
/home/ben/projects/schedule/build/CMakeFiles/CMakeTmp/CheckSymbolExists.cxx:8:19: error: ‘Q_WS_QWS’ was not declared in this scope
   return ((int*)(&Q_WS_QWS))[argc];
                   ^
make[1]: *** [CMakeFiles/cmTryCompileExec4161850830.dir/CheckSymbolExists.cxx.o] Error 1
make[1]: Leaving directory `/home/ben/projects/schedule/build/CMakeFiles/CMakeTmp'
make: *** [cmTryCompileExec4161850830/fast] Error 2

File /home/ben/projects/schedule/build/CMakeFiles/CMakeTmp/CheckSymbolExists.cxx:
/* */
#include <QtCore/qglobal.h>

int main(int argc, char** argv)
{
  (void)argv;
#ifndef Q_WS_QWS
  return ((int*)(&Q_WS_QWS))[argc];
#else
  (void)argc;
  return 0;
#endif
}

Determining if the Q_WS_MAC exist failed with the following output:
Change Dir: /home/ben/projects/schedule/build/CMakeFiles/CMakeTmp

Run Build Command:/usr/bin/make "cmTryCompileExec3976330486/fast"
/usr/bin/make -f CMakeFiles/cmTryCompileExec3976330486.dir/build.make CMakeFiles/cmTryCompileExec3976330486.dir/build
make[1]: Entering directory `/home/ben/projects/schedule/build/CMakeFiles/CMakeTmp'
/usr/bin/cmake -E cmake_progress_report /home/ben/projects/schedule/build/CMakeFiles/CMakeTmp/CMakeFiles 1
Building CXX object CMakeFiles/cmTryCompileExec3976330486.dir/CheckSymbolExists.cxx.o
/usr/bin/c++    -I/usr/include/qt4    -o CMakeFiles/cmTryCompileExec3976330486.dir/CheckSymbolExists.cxx.o -c /home/ben/projects/schedule/build/CMakeFiles/CMakeTmp/CheckSymbolExists.cxx
/home/ben/projects/schedule/build/CMakeFiles/CMakeTmp/CheckSymbolExists.cxx: In function ‘int main(int, char**)’:
/home/ben/projects/schedule/build/CMakeFiles/CMakeTmp/CheckSymbolExists.cxx:8:19: error: ‘Q_WS_MAC’ was not declared in this scope
   return ((int*)(&Q_WS_MAC))[argc];
                   ^
make[1]: *** [CMakeFiles/cmTryCompileExec3976330486.dir/CheckSymbolExists.cxx.o] Error 1
make[1]: Leaving directory `/home/ben/projects/schedule/build/CMakeFiles/CMakeTmp'
make: *** [cmTryCompileExec3976330486/fast] Error 2

File /home/ben/projects/schedule/build/CMakeFiles/CMakeTmp/CheckSymbolExists.cxx:
/* */
#include <QtCore/qglobal.h>

int main(int argc, char** argv)
{
  (void)argv;
#ifndef Q_WS_MAC
  return ((int*)(&Q_WS_MAC))[argc];
#else
  (void)argc;
  return 0;
#endif
}

